[0.034s] Invoking command in '/Users/matthew.huang/dev_ws/src/my_package/build/my_package': CONDA_PROMPT_MODIFIER=(humble_env) SHLVL=2 _=/Users/matthew.huang/miniconda3/envs/humble_env/bin/env __CF_USER_TEXT_ENCODING=0x1F5:0x0:0x64 /Users/matthew.huang/miniconda3/envs/humble_env/bin/cmake /Users/matthew.huang/dev_ws/src/my_package -DCMAKE_INSTALL_PREFIX=/Users/matthew.huang/dev_ws/src/my_package/install/my_package
[0.078s] CMake Error at CMakeLists.txt:20 (find_package):
[0.078s]   By not providing "Finduuv_world_plugins.cmake" in CMAKE_MODULE_PATH this
[0.078s]   project has asked CMake to find a package configuration file provided by
[0.078s]   "uuv_world_plugins", but CMake did not find one.
[0.078s] 
[0.078s]   Could not find a package configuration file provided by "uuv_world_plugins"
[0.078s]   with any of the following names:
[0.078s] 
[0.078s]     uuv_world_pluginsConfig.cmake
[0.078s]     uuv_world_plugins-config.cmake
[0.078s] 
[0.079s]   Add the installation prefix of "uuv_world_plugins" to CMAKE_PREFIX_PATH or
[0.079s]   set "uuv_world_plugins_DIR" to a directory containing one of the above
[0.079s]   files.  If "uuv_world_plugins" provides a separate development package or
[0.079s]   SDK, be sure it has been installed.
[0.079s] 
[0.079s] 
[0.079s] -- Configuring incomplete, errors occurred!
[0.079s] Invoked command in '/Users/matthew.huang/dev_ws/src/my_package/build/my_package' returned '1': CONDA_PROMPT_MODIFIER=(humble_env) SHLVL=2 _=/Users/matthew.huang/miniconda3/envs/humble_env/bin/env __CF_USER_TEXT_ENCODING=0x1F5:0x0:0x64 /Users/matthew.huang/miniconda3/envs/humble_env/bin/cmake /Users/matthew.huang/dev_ws/src/my_package -DCMAKE_INSTALL_PREFIX=/Users/matthew.huang/dev_ws/src/my_package/install/my_package
