[0.522s] [34mcolcon[0m [1;30mDEBUG[0m [32mCommand line arguments: ['/Users/matthew.huang/miniconda3/envs/humble_env/bin/colcon', 'build'][0m
[0.522s] [34mcolcon[0m [1;30mDEBUG[0m [32mParsed command line arguments: Namespace(log_base=None, log_level=None, verb_name='build', build_base='build', install_base='install', merge_install=False, symlink_install=False, test_result_base=None, continue_on_error=False, executor='parallel', parallel_workers=8, event_handlers=None, ignore_user_meta=False, metas=['./colcon.meta'], base_paths=['.'], packages_ignore=None, packages_ignore_regex=None, paths=None, packages_up_to=None, packages_up_to_regex=None, packages_above=None, packages_above_and_dependencies=None, packages_above_depth=None, packages_select_by_dep=None, packages_skip_by_dep=None, packages_skip_up_to=None, packages_select_build_failed=False, packages_skip_build_finished=False, packages_select_test_failures=False, packages_skip_test_passed=False, packages_select=None, packages_skip=None, packages_select_regex=None, packages_skip_regex=None, packages_start=None, packages_end=None, cmake_args=None, cmake_target=None, cmake_target_skip_unavailable=False, cmake_clean_cache=False, cmake_clean_first=False, cmake_force_configure=False, ament_cmake_args=None, catkin_cmake_args=None, catkin_skip_building_tests=False, verb_parser=<colcon_defaults.argument_parser.defaults.DefaultArgumentsDecorator object at 0x104a74130>, verb_extension=<colcon_core.verb.build.BuildVerb object at 0x104a76fe0>, main=<bound method BuildVerb.main of <colcon_core.verb.build.BuildVerb object at 0x104a76fe0>>)[0m
[0.560s] [34mcolcon.colcon_core.package_discovery[0m [1;30mLevel 1[0m discover_packages(colcon_meta) check parameters
[0.560s] [34mcolcon.colcon_core.package_discovery[0m [1;30mLevel 1[0m discover_packages(recursive) check parameters
[0.560s] [34mcolcon.colcon_core.package_discovery[0m [1;30mLevel 1[0m discover_packages(ignore) check parameters
[0.560s] [34mcolcon.colcon_core.package_discovery[0m [1;30mLevel 1[0m discover_packages(path) check parameters
[0.560s] [34mcolcon.colcon_core.package_discovery[0m [1;30mLevel 1[0m discover_packages(colcon_meta) discover
[0.561s] [34mcolcon.colcon_core.package_discovery[0m [1;30mLevel 1[0m discover_packages(recursive) discover
[0.561s] [34mcolcon.colcon_core.package_discovery[0m [1;30mINFO[0m Crawling recursively for packages in '/Users/matthew.huang/dev_ws/src/my_package'
[0.561s] [34mcolcon.colcon_core.package_identification[0m [1;30mLevel 1[0m _identify(.) by extensions ['ignore', 'ignore_ament_install']
[0.561s] [34mcolcon.colcon_core.package_identification[0m [1;30mLevel 1[0m _identify(.) by extension 'ignore'
[0.561s] [34mcolcon.colcon_core.package_identification[0m [1;30mLevel 1[0m _identify(.) by extension 'ignore_ament_install'
[0.561s] [34mcolcon.colcon_core.package_identification[0m [1;30mLevel 1[0m _identify(.) by extensions ['colcon_pkg']
[0.561s] [34mcolcon.colcon_core.package_identification[0m [1;30mLevel 1[0m _identify(.) by extension 'colcon_pkg'
[0.561s] [34mcolcon.colcon_core.package_identification[0m [1;30mLevel 1[0m _identify(.) by extensions ['colcon_meta']
[0.561s] [34mcolcon.colcon_core.package_identification[0m [1;30mLevel 1[0m _identify(.) by extension 'colcon_meta'
[0.561s] [34mcolcon.colcon_core.package_identification[0m [1;30mLevel 1[0m _identify(.) by extensions ['ros']
[0.561s] [34mcolcon.colcon_core.package_identification[0m [1;30mLevel 1[0m _identify(.) by extension 'ros'
[0.574s] [34mcolcon.colcon_core.package_identification[0m [1;30mDEBUG[0m [32mPackage '.' with type 'ros.ament_cmake' and name 'my_package'[0m
[0.574s] [34mcolcon.colcon_core.package_discovery[0m [1;30mLevel 1[0m discover_packages(recursive) using defaults
[0.574s] [34mcolcon.colcon_core.package_discovery[0m [1;30mLevel 1[0m discover_packages(ignore) discover
[0.574s] [34mcolcon.colcon_core.package_discovery[0m [1;30mLevel 1[0m discover_packages(ignore) using defaults
[0.574s] [34mcolcon.colcon_core.package_discovery[0m [1;30mLevel 1[0m discover_packages(path) discover
[0.574s] [34mcolcon.colcon_core.package_discovery[0m [1;30mLevel 1[0m discover_packages(path) using defaults
[0.611s] [34mcolcon.colcon_core.verb[0m [1;30mLevel 5[0m set package 'my_package' build argument 'cmake_args' from command line to 'None'
[0.611s] [34mcolcon.colcon_core.verb[0m [1;30mLevel 5[0m set package 'my_package' build argument 'cmake_target' from command line to 'None'
[0.611s] [34mcolcon.colcon_core.verb[0m [1;30mLevel 5[0m set package 'my_package' build argument 'cmake_target_skip_unavailable' from command line to 'False'
[0.611s] [34mcolcon.colcon_core.verb[0m [1;30mLevel 5[0m set package 'my_package' build argument 'cmake_clean_cache' from command line to 'False'
[0.611s] [34mcolcon.colcon_core.verb[0m [1;30mLevel 5[0m set package 'my_package' build argument 'cmake_clean_first' from command line to 'False'
[0.611s] [34mcolcon.colcon_core.verb[0m [1;30mLevel 5[0m set package 'my_package' build argument 'cmake_force_configure' from command line to 'False'
[0.611s] [34mcolcon.colcon_core.verb[0m [1;30mLevel 5[0m set package 'my_package' build argument 'ament_cmake_args' from command line to 'None'
[0.611s] [34mcolcon.colcon_core.verb[0m [1;30mLevel 5[0m set package 'my_package' build argument 'catkin_cmake_args' from command line to 'None'
[0.611s] [34mcolcon.colcon_core.verb[0m [1;30mLevel 5[0m set package 'my_package' build argument 'catkin_skip_building_tests' from command line to 'False'
[0.612s] [34mcolcon.colcon_core.verb[0m [1;30mDEBUG[0m [32mBuilding package 'my_package' with the following arguments: {'ament_cmake_args': None, 'build_base': '/Users/matthew.huang/dev_ws/src/my_package/build/my_package', 'catkin_cmake_args': None, 'catkin_skip_building_tests': False, 'cmake_args': None, 'cmake_clean_cache': False, 'cmake_clean_first': False, 'cmake_force_configure': False, 'cmake_target': None, 'cmake_target_skip_unavailable': False, 'install_base': '/Users/matthew.huang/dev_ws/src/my_package/install/my_package', 'merge_install': False, 'path': '/Users/matthew.huang/dev_ws/src/my_package', 'symlink_install': False, 'test_result_base': None}[0m
[0.618s] [34mcolcon.colcon_core.executor[0m [1;30mINFO[0m Executing jobs using 'parallel' executor
[0.625s] [34mcolcon.colcon_parallel_executor.executor.parallel[0m [1;30mDEBUG[0m [32mrun_until_complete[0m
[0.626s] [34mcolcon.colcon_ros.task.ament_cmake.build[0m [1;30mINFO[0m Building ROS package in '/Users/matthew.huang/dev_ws/src/my_package' with build type 'ament_cmake'
[0.626s] [34mcolcon.colcon_cmake.task.cmake.build[0m [1;30mINFO[0m Building CMake package in '/Users/matthew.huang/dev_ws/src/my_package'
[0.634s] [34mcolcon.colcon_core.plugin_system[0m [1;30mINFO[0m Skipping extension 'colcon_core.shell.bat': Not used on non-Windows systems
[0.634s] [34mcolcon.colcon_core.shell[0m [1;30mINFO[0m Skip shell extension 'powershell' for command environment: Not usable outside of PowerShell
[0.634s] [34mcolcon.colcon_core.shell[0m [1;30mDEBUG[0m [32mSkip shell extension 'dsv' for command environment[0m
[0.660s] [34mcolcon.colcon_core.event_handler.log_command[0m [1;30mDEBUG[0m [32mInvoking command in '/Users/matthew.huang/dev_ws/src/my_package/build/my_package': CONDA_PROMPT_MODIFIER=(humble_env) SHLVL=2 _=/Users/matthew.huang/miniconda3/envs/humble_env/bin/env __CF_USER_TEXT_ENCODING=0x1F5:0x0:0x64 /Users/matthew.huang/miniconda3/envs/humble_env/bin/cmake /Users/matthew.huang/dev_ws/src/my_package -DCMAKE_INSTALL_PREFIX=/Users/matthew.huang/dev_ws/src/my_package/install/my_package[0m
[0.705s] [34mcolcon.colcon_core.event_handler.log_command[0m [1;30mDEBUG[0m [32mInvoked command in '/Users/matthew.huang/dev_ws/src/my_package/build/my_package' returned '1': CONDA_PROMPT_MODIFIER=(humble_env) SHLVL=2 _=/Users/matthew.huang/miniconda3/envs/humble_env/bin/env __CF_USER_TEXT_ENCODING=0x1F5:0x0:0x64 /Users/matthew.huang/miniconda3/envs/humble_env/bin/cmake /Users/matthew.huang/dev_ws/src/my_package -DCMAKE_INSTALL_PREFIX=/Users/matthew.huang/dev_ws/src/my_package/install/my_package[0m
[0.719s] [34mcolcon.colcon_core.environment[0m [1;30mLevel 1[0m create_environment_scripts_only(my_package)
[0.729s] [34mcolcon.colcon_core.environment[0m [1;30mLevel 1[0m checking '/Users/matthew.huang/dev_ws/src/my_package/install/my_package' for CMake module files
[0.729s] [34mcolcon.colcon_core.environment[0m [1;30mLevel 1[0m checking '/Users/matthew.huang/dev_ws/src/my_package/install/my_package' for CMake config files
[0.729s] [34mcolcon.colcon_core.environment[0m [1;30mLevel 1[0m checking '/Users/matthew.huang/dev_ws/src/my_package/install/my_package/lib'
[0.729s] [34mcolcon.colcon_core.environment[0m [1;30mLevel 1[0m checking '/Users/matthew.huang/dev_ws/src/my_package/install/my_package/bin'
[0.729s] [34mcolcon.colcon_core.environment[0m [1;30mLevel 1[0m checking '/Users/matthew.huang/dev_ws/src/my_package/install/my_package/lib/pkgconfig/my_package.pc'
[0.729s] [34mcolcon.colcon_core.environment[0m [1;30mLevel 1[0m checking '/Users/matthew.huang/dev_ws/src/my_package/install/my_package/lib/python3.10/site-packages'
[0.730s] [34mcolcon.colcon_core.environment[0m [1;30mLevel 1[0m checking '/Users/matthew.huang/dev_ws/src/my_package/install/my_package/bin'
[0.737s] [34mcolcon.colcon_core.shell[0m [1;30mINFO[0m Creating package script '/Users/matthew.huang/dev_ws/src/my_package/install/my_package/share/my_package/package.ps1'
[0.737s] [34mcolcon.colcon_core.shell[0m [1;30mINFO[0m Creating package descriptor '/Users/matthew.huang/dev_ws/src/my_package/install/my_package/share/my_package/package.dsv'
[0.737s] [34mcolcon.colcon_core.shell[0m [1;30mINFO[0m Creating package script '/Users/matthew.huang/dev_ws/src/my_package/install/my_package/share/my_package/package.sh'
[0.738s] [34mcolcon.colcon_core.shell[0m [1;30mINFO[0m Creating package script '/Users/matthew.huang/dev_ws/src/my_package/install/my_package/share/my_package/package.bash'
[0.738s] [34mcolcon.colcon_core.shell[0m [1;30mINFO[0m Creating package script '/Users/matthew.huang/dev_ws/src/my_package/install/my_package/share/my_package/package.zsh'
[0.739s] [34mcolcon.colcon_core.environment[0m [1;30mLevel 1[0m create_file_with_runtime_dependencies(/Users/matthew.huang/dev_ws/src/my_package/install/my_package/share/colcon-core/packages/my_package)
[0.739s] [34mcolcon.colcon_parallel_executor.executor.parallel[0m [1;30mDEBUG[0m [32mclosing loop[0m
[0.739s] [34mcolcon.colcon_parallel_executor.executor.parallel[0m [1;30mDEBUG[0m [32mloop closed[0m
[0.739s] [34mcolcon.colcon_parallel_executor.executor.parallel[0m [1;30mDEBUG[0m [32mrun_until_complete finished with '1'[0m
[0.739s] [34mcolcon.colcon_core.event_reactor[0m [1;30mDEBUG[0m [32mjoining thread[0m
[0.739s] [34mcolcon.colcon_core.event_reactor[0m [1;30mDEBUG[0m [32mjoined thread[0m
[0.747s] [34mcolcon.colcon_core.shell[0m [1;30mINFO[0m Creating prefix script '/Users/matthew.huang/dev_ws/src/my_package/install/local_setup.ps1'
[0.747s] [34mcolcon.colcon_core.shell[0m [1;30mINFO[0m Creating prefix util module '/Users/matthew.huang/dev_ws/src/my_package/install/_local_setup_util_ps1.py'
[0.748s] [34mcolcon.colcon_core.shell[0m [1;30mINFO[0m Creating prefix chain script '/Users/matthew.huang/dev_ws/src/my_package/install/setup.ps1'
[0.756s] [34mcolcon.colcon_core.shell[0m [1;30mINFO[0m Creating prefix script '/Users/matthew.huang/dev_ws/src/my_package/install/local_setup.sh'
[0.756s] [34mcolcon.colcon_core.shell[0m [1;30mINFO[0m Creating prefix util module '/Users/matthew.huang/dev_ws/src/my_package/install/_local_setup_util_sh.py'
[0.757s] [34mcolcon.colcon_core.shell[0m [1;30mINFO[0m Creating prefix chain script '/Users/matthew.huang/dev_ws/src/my_package/install/setup.sh'
[0.764s] [34mcolcon.colcon_core.shell[0m [1;30mINFO[0m Creating prefix script '/Users/matthew.huang/dev_ws/src/my_package/install/local_setup.bash'
[0.765s] [34mcolcon.colcon_core.shell[0m [1;30mINFO[0m Creating prefix chain script '/Users/matthew.huang/dev_ws/src/my_package/install/setup.bash'
[0.773s] [34mcolcon.colcon_core.shell[0m [1;30mINFO[0m Creating prefix script '/Users/matthew.huang/dev_ws/src/my_package/install/local_setup.zsh'
[0.773s] [34mcolcon.colcon_core.shell[0m [1;30mINFO[0m Creating prefix chain script '/Users/matthew.huang/dev_ws/src/my_package/install/setup.zsh'
