[0.033s] Invoking command in '/Users/matthew.huang/dev_ws/src/my_package/build/my_package': CONDA_PROMPT_MODIFIER=(humble_env) SHLVL=2 _=/Users/matthew.huang/miniconda3/envs/humble_env/bin/env __CF_USER_TEXT_ENCODING=0x1F5:0x0:0x64 /Users/matthew.huang/miniconda3/envs/humble_env/bin/cmake /Users/matthew.huang/dev_ws/src/my_package -DCMAKE_INSTALL_PREFIX=/Users/matthew.huang/dev_ws/src/my_package/install/my_package
[0.136s] -- The C compiler identification is Clang 16.0.1
[0.214s] -- The CXX compiler identification is Clang 16.0.1
[0.221s] -- Detecting C compiler ABI info
[0.368s] -- Detecting C compiler ABI info - done
[0.372s] -- Check for working C compiler: /Users/matthew.huang/miniconda3/envs/humble_env/bin/arm64-apple-darwin20.0.0-clang - skipped
[0.372s] -- Detecting C compile features
[0.373s] -- Detecting C compile features - done
[0.376s] -- Detecting CXX compiler ABI info
[0.512s] -- Detecting CXX compiler ABI info - done
[0.516s] -- Check for working CXX compiler: /Users/matthew.huang/miniconda3/envs/humble_env/bin/arm64-apple-darwin20.0.0-clang++ - skipped
[0.516s] -- Detecting CXX compile features
[0.517s] -- Detecting CXX compile features - done
[0.534s] CMake Error at CMakeLists.txt:20 (find_package):
[0.534s]   By not providing "Finduuv_world_plugins/uuv_world_plugins.cmake" in
[0.534s]   CMAKE_MODULE_PATH this project has asked CMake to find a package
[0.534s]   configuration file provided by "uuv_world_plugins/uuv_world_plugins", but
[0.534s]   CMake did not find one.
[0.534s] 
[0.535s]   Could not find a package configuration file provided by
[0.535s]   "uuv_world_plugins/uuv_world_plugins" with any of the following names:
[0.535s] 
[0.535s]     uuv_world_plugins/uuv_world_pluginsConfig.cmake
[0.535s]     uuv_world_plugins/uuv_world_plugins-config.cmake
[0.535s] 
[0.535s]   Add the installation prefix of "uuv_world_plugins/uuv_world_plugins" to
[0.535s]   CMAKE_PREFIX_PATH or set "uuv_world_plugins/uuv_world_plugins_DIR" to a
[0.535s]   directory containing one of the above files.  If
[0.535s]   "uuv_world_plugins/uuv_world_plugins" provides a separate development
[0.535s]   package or SDK, be sure it has been installed.
[0.535s] 
[0.535s] 
[0.535s] -- Configuring incomplete, errors occurred!
[0.536s] Invoked command in '/Users/matthew.huang/dev_ws/src/my_package/build/my_package' returned '1': CONDA_PROMPT_MODIFIER=(humble_env) SHLVL=2 _=/Users/matthew.huang/miniconda3/envs/humble_env/bin/env __CF_USER_TEXT_ENCODING=0x1F5:0x0:0x64 /Users/matthew.huang/miniconda3/envs/humble_env/bin/cmake /Users/matthew.huang/dev_ws/src/my_package -DCMAKE_INSTALL_PREFIX=/Users/matthew.huang/dev_ws/src/my_package/install/my_package
